SF:./lib/features/tv/data/models/tv_table.dart
DA:11,9
DA:18,2
DA:19,1
DA:20,1
DA:21,1
DA:22,1
DA:25,2
DA:26,1
DA:27,1
DA:28,1
DA:29,1
DA:32,2
DA:33,1
DA:34,1
DA:35,1
DA:36,1
DA:39,2
DA:40,1
DA:41,1
DA:42,1
DA:43,1
DA:46,2
DA:47,10
LF:23
LH:23
end_of_record
SF:./lib/features/tv/domain/entities/tv.dart
DA:7,21
DA:24,1
DA:45,9
DA:46,9
DA:47,9
DA:48,9
DA:49,9
DA:50,9
DA:51,9
DA:52,9
DA:53,9
DA:54,9
DA:55,9
DA:56,9
DA:57,9
DA:58,9
DA:59,9
LF:17
LH:17
end_of_record
SF:./lib/features/tv/domain/entities/tv_detail.dart
DA:5,13
DA:33,3
DA:34,3
DA:35,3
DA:36,3
DA:37,3
DA:38,3
DA:39,3
DA:40,3
DA:41,3
DA:42,3
DA:43,3
DA:44,3
DA:45,3
LF:14
LH:14
end_of_record
SF:./lib/features/tv/domain/entities/tvgenre.dart
DA:4,12
DA:12,3
DA:13,9
LF:3
LH:3
end_of_record
SF:./lib/common/failure.dart
DA:6,115
DA:8,2
DA:9,4
DA:13,113
DA:17,105
DA:21,4
LF:6
LH:6
end_of_record
SF:./lib/features/tv/data/datasources/db/tv_database_helper.dart
DA:8,1
DA:12,2
DA:16,1
DA:17,1
DA:25,1
DA:26,1
DA:27,1
DA:29,1
DA:30,2
DA:34,0
DA:35,0
DA:36,0
DA:40,0
DA:41,0
DA:51,1
DA:52,1
DA:53,2
DA:56,1
DA:57,1
DA:58,1
DA:61,2
DA:65,1
DA:66,1
DA:67,1
DA:70,1
DA:73,1
DA:74,1
DA:80,1
DA:81,1
DA:82,1
LF:30
LH:25
end_of_record
SF:./lib/features/tv/data/datasources/tv_local_data_source.dart
DA:15,1
DA:17,1
DA:20,2
DA:23,2
DA:27,1
DA:30,2
DA:33,2
DA:37,1
DA:39,2
DA:41,1
DA:47,1
DA:49,2
DA:50,4
LF:13
LH:13
end_of_record
SF:./lib/features/tv/data/datasources/tv_remote_data_source.dart
DA:23,0
DA:24,0
DA:25,0
DA:26,0
DA:27,0
DA:31,0
DA:33,0
DA:34,0
DA:35,0
DA:36,0
DA:40,0
DA:41,0
DA:42,0
DA:44,0
DA:48,0
DA:50,0
DA:52,0
DA:53,0
DA:55,0
DA:59,0
DA:62,0
DA:64,0
DA:65,0
DA:67,0
DA:71,0
DA:73,0
DA:75,0
DA:76,0
DA:78,0
DA:82,0
DA:85,0
DA:87,0
DA:88,0
DA:90,0
DA:94,0
DA:97,0
DA:99,0
DA:100,0
DA:102,0
LF:39
LH:0
end_of_record
SF:./lib/features/tv/data/models/tv_detail_model.dart
DA:6,3
DA:52,1
DA:53,1
DA:54,1
DA:55,1
DA:56,1
DA:57,1
DA:58,4
DA:59,1
DA:60,1
DA:61,1
DA:62,1
DA:63,1
DA:64,1
DA:65,2
DA:66,1
DA:67,1
DA:68,1
DA:69,1
DA:70,1
DA:71,1
DA:72,1
DA:73,1
DA:74,2
DA:75,1
DA:78,2
DA:79,1
DA:80,1
DA:81,1
DA:82,5
DA:83,1
DA:84,1
DA:85,1
DA:86,1
DA:87,1
DA:88,1
DA:89,1
DA:90,1
DA:91,1
DA:92,1
DA:93,1
DA:94,1
DA:95,1
DA:96,1
DA:97,1
DA:98,1
DA:99,1
DA:102,2
DA:103,2
DA:104,2
DA:105,2
DA:106,10
DA:107,2
DA:108,2
DA:109,2
DA:110,2
DA:111,2
DA:112,2
DA:113,2
DA:114,2
DA:115,2
DA:119,1
DA:120,1
DA:121,1
DA:122,1
DA:123,1
DA:124,1
DA:125,1
DA:126,1
DA:127,1
DA:128,1
DA:129,1
DA:130,1
DA:131,1
DA:132,1
DA:133,1
DA:134,1
DA:135,1
DA:136,1
DA:137,1
DA:138,1
DA:139,1
DA:140,1
DA:141,1
LF:84
LH:84
end_of_record
SF:./lib/features/tv/data/models/tv_model.dart
DA:5,4
DA:35,2
DA:36,1
DA:37,1
DA:38,4
DA:39,1
DA:40,1
DA:41,1
DA:42,2
DA:43,1
DA:44,1
DA:45,1
DA:46,1
DA:47,2
DA:48,1
DA:51,2
DA:52,1
DA:53,1
DA:54,4
DA:55,1
DA:56,1
DA:57,1
DA:58,1
DA:59,1
DA:60,1
DA:61,1
DA:62,1
DA:63,1
DA:64,1
DA:67,2
DA:68,2
DA:69,2
DA:70,2
DA:71,2
DA:72,2
DA:73,2
DA:74,2
DA:75,2
DA:76,2
DA:77,2
DA:78,2
DA:79,2
DA:80,2
DA:81,2
DA:85,1
DA:86,1
DA:87,1
DA:88,1
DA:89,1
DA:90,1
DA:91,1
DA:92,1
DA:93,1
DA:94,1
DA:95,1
DA:96,1
DA:97,1
DA:98,1
DA:99,1
LF:59
LH:59
end_of_record
SF:./lib/features/tv/data/models/tv_genre_model.dart
DA:5,5
DA:13,4
DA:14,2
DA:15,2
DA:18,4
DA:19,2
DA:20,2
DA:23,3
DA:24,9
DA:27,2
DA:28,6
LF:11
LH:11
end_of_record
SF:./lib/features/tv/data/repositories/movie_repository_impl.dart
DA:18,1
DA:23,1
DA:26,2
DA:27,5
DA:28,1
DA:30,1
DA:35,1
DA:38,2
DA:39,2
DA:40,1
DA:42,1
DA:47,1
DA:50,2
DA:51,3
DA:52,1
DA:54,1
DA:59,1
DA:62,2
DA:63,5
DA:64,1
DA:66,1
DA:71,1
DA:74,2
DA:75,5
DA:76,1
DA:78,1
DA:83,1
DA:86,2
DA:87,5
DA:88,1
DA:90,1
DA:95,1
DA:99,3
DA:100,1
DA:101,1
DA:102,3
DA:108,1
DA:112,3
DA:113,1
DA:114,1
DA:115,3
DA:119,1
DA:121,2
DA:125,1
DA:127,2
DA:128,5
LF:46
LH:46
end_of_record
SF:./lib/common/exception.dart
DA:6,4
LF:1
LH:1
end_of_record
SF:./lib/features/tv/data/models/tv_response.dart
DA:7,2
DA:9,2
DA:10,2
DA:11,3
DA:12,3
DA:15,2
DA:16,5
DA:19,1
DA:20,2
LF:9
LH:9
end_of_record
SF:./lib/features/tv/presentation/widgets/tv_card_list.dart
DA:10,5
DA:12,5
DA:14,5
DA:16,5
DA:17,1
DA:18,1
DA:21,2
DA:24,5
DA:26,5
DA:27,5
DA:28,5
DA:34,5
DA:36,5
DA:37,5
DA:38,10
DA:41,5
DA:44,5
DA:45,10
DA:53,5
DA:58,5
DA:60,5
DA:61,15
DA:63,5
DA:66,0
LF:24
LH:23
end_of_record
SF:./lib/features/tv/domain/usecases/tv_get_popular.dart
DA:9,1
DA:11,1
DA:12,2
LF:3
LH:3
end_of_record
SF:./lib/features/tv/presentation/bloc/tv_popular/tv_popular_state.dart
DA:10,85
DA:16,2
DA:21,2
DA:22,0
DA:23,1
DA:24,1
DA:28,2
DA:29,8
LF:8
LH:7
end_of_record
SF:./lib/features/tv/presentation/bloc/tv_popular/tv_popular_bloc.dart
DA:9,2
DA:10,2
DA:13,1
DA:17,3
DA:19,2
DA:21,1
DA:22,1
DA:23,3
DA:25,1
DA:28,1
DA:29,3
LF:11
LH:11
end_of_record
SF:./lib/common/utils.dart
DA:3,6
LF:1
LH:1
end_of_record
SF:./lib/features/movie/domain/entities/genre.dart
DA:4,12
DA:12,3
DA:13,9
LF:3
LH:3
end_of_record
SF:./lib/features/movie/domain/entities/movie_detail.dart
DA:5,13
DA:33,3
DA:34,3
DA:35,3
DA:36,3
DA:37,3
DA:38,3
DA:39,3
DA:40,3
DA:41,3
DA:42,3
DA:43,3
DA:44,3
DA:45,3
LF:14
LH:14
end_of_record
SF:./lib/features/movie/domain/entities/movie.dart
DA:7,21
DA:24,1
DA:45,9
DA:46,9
DA:47,9
DA:48,9
DA:49,9
DA:50,9
DA:51,9
DA:52,9
DA:53,9
DA:54,9
DA:55,9
DA:56,9
DA:57,9
DA:58,9
DA:59,9
LF:17
LH:17
end_of_record
SF:./lib/features/movie/domain/usecases/get_movie_detail.dart
DA:9,1
DA:11,1
DA:12,2
LF:3
LH:3
end_of_record
SF:./lib/features/movie/domain/usecases/get_movie_recommendations.dart
DA:9,1
DA:11,1
DA:12,2
LF:3
LH:3
end_of_record
SF:./lib/features/movie/domain/usecases/get_now_playing_movies.dart
DA:9,1
DA:11,1
DA:12,2
LF:3
LH:3
end_of_record
SF:./lib/features/movie/domain/usecases/get_popular_movies.dart
DA:9,1
DA:11,1
DA:12,2
LF:3
LH:3
end_of_record
SF:./lib/features/movie/domain/usecases/get_top_rated_movies.dart
DA:9,1
DA:11,1
DA:12,2
LF:3
LH:3
end_of_record
SF:./lib/features/movie/domain/usecases/get_watchlist_movies.dart
DA:9,1
DA:11,1
DA:12,2
LF:3
LH:3
end_of_record
SF:./lib/features/movie/domain/usecases/get_watchlist_status.dart
DA:6,1
DA:8,1
DA:9,2
LF:3
LH:3
end_of_record
SF:./lib/features/movie/domain/usecases/remove_watchlist.dart
DA:9,1
DA:11,1
DA:12,2
LF:3
LH:3
end_of_record
SF:./lib/features/movie/domain/usecases/save_watchlist.dart
DA:9,1
DA:11,1
DA:12,2
LF:3
LH:3
end_of_record
SF:./lib/features/movie/domain/usecases/search_movies.dart
DA:9,1
DA:11,1
DA:12,2
LF:3
LH:3
end_of_record
SF:./lib/features/movie/presentation/bloc/movie_list/movie_list_bloc.dart
DA:13,1
DA:17,1
DA:18,2
DA:19,2
DA:20,2
DA:23,1
DA:27,3
DA:29,2
DA:30,1
DA:31,1
DA:32,3
DA:34,1
DA:37,1
DA:38,3
DA:46,1
DA:50,3
DA:52,2
DA:53,1
DA:54,1
DA:55,3
DA:57,1
DA:60,1
DA:61,3
DA:69,1
DA:73,3
DA:75,2
DA:76,1
DA:77,1
DA:78,3
DA:80,1
DA:83,1
DA:84,3
LF:32
LH:32
end_of_record
SF:./lib/features/movie/presentation/bloc/movie_list/movie_list_event.dart
DA:4,3
DA:6,1
DA:7,1
LF:3
LH:3
end_of_record
SF:./lib/features/movie/presentation/bloc/movie_list/movie_list_state.dart
DA:14,54
DA:24,2
DA:33,2
DA:34,1
DA:35,2
DA:36,2
DA:37,2
DA:38,2
DA:39,2
DA:40,1
DA:44,2
DA:45,2
DA:46,2
DA:47,2
DA:48,2
DA:49,2
DA:50,2
DA:51,2
DA:52,2
LF:19
LH:19
end_of_record
SF:./lib/features/movie/presentation/bloc/movie_detail/movie_detail_bloc.dart
DA:15,1
DA:21,1
DA:22,2
DA:23,2
DA:24,2
DA:25,2
DA:28,1
DA:32,3
DA:33,3
DA:35,3
DA:37,1
DA:38,1
DA:39,3
DA:41,1
DA:44,1
DA:45,3
DA:50,1
DA:51,0
DA:52,0
DA:54,0
DA:57,1
DA:58,3
DA:68,1
DA:72,3
DA:74,1
DA:75,0
DA:76,0
DA:78,1
DA:79,3
DA:83,4
DA:86,1
DA:90,3
DA:92,1
DA:93,0
DA:94,0
DA:96,1
DA:97,3
DA:101,4
DA:104,1
DA:108,3
DA:109,3
LF:41
LH:34
end_of_record
SF:./lib/features/movie/presentation/bloc/movie_detail/movie_detail_event.dart
DA:5,4
DA:7,0
DA:8,0
DA:14,3
DA:16,1
DA:17,2
DA:23,2
DA:25,1
DA:26,2
DA:32,2
DA:34,1
DA:35,2
DA:41,4
DA:43,1
DA:44,2
LF:15
LH:13
end_of_record
SF:./lib/features/movie/presentation/bloc/movie_detail/movie_detail_state.dart
DA:15,55
DA:25,2
DA:34,2
DA:35,1
DA:36,2
DA:37,2
DA:38,2
DA:39,2
DA:40,2
DA:41,2
DA:45,2
DA:46,2
DA:47,2
DA:48,2
DA:49,2
DA:50,2
DA:51,2
DA:52,2
DA:53,2
LF:19
LH:19
end_of_record
SF:./lib/features/movie/presentation/bloc/movie_search/movie_search_bloc.dart
DA:11,2
DA:12,2
DA:15,1
DA:19,3
DA:21,3
DA:22,1
DA:23,1
DA:24,3
DA:26,1
DA:29,1
DA:30,3
LF:11
LH:11
end_of_record
SF:./lib/features/movie/presentation/bloc/movie_search/movie_search_event.dart
DA:4,4
DA:6,0
DA:7,0
DA:13,4
DA:15,2
DA:16,4
LF:6
LH:4
end_of_record
SF:./lib/features/movie/presentation/bloc/movie_search/movie_search_state.dart
DA:10,54
DA:16,2
DA:21,2
DA:22,0
DA:23,2
DA:24,1
DA:28,2
DA:29,8
LF:8
LH:7
end_of_record
SF:./lib/features/movie/presentation/bloc/movie_popular/movie_popular_bloc.dart
DA:10,1
DA:11,1
DA:12,2
DA:15,1
DA:19,3
DA:21,2
DA:23,1
DA:24,1
DA:25,3
DA:27,1
DA:30,1
DA:31,3
LF:12
LH:12
end_of_record
SF:./lib/features/movie/presentation/bloc/movie_popular/movie_popular_event.dart
DA:4,3
DA:6,1
DA:7,1
LF:3
LH:3
end_of_record
SF:./lib/features/movie/presentation/bloc/movie_popular/movie_popular_state.dart
DA:10,55
DA:16,2
DA:21,2
DA:22,0
DA:23,1
DA:24,1
DA:28,2
DA:29,8
LF:8
LH:7
end_of_record
SF:./lib/features/movie/presentation/bloc/movie_top_rated/movie_top_rated_bloc.dart
DA:11,1
DA:12,1
DA:13,2
DA:16,1
DA:20,3
DA:22,2
DA:24,1
DA:25,1
DA:26,3
DA:28,1
DA:31,1
DA:32,3
LF:12
LH:12
end_of_record
SF:./lib/features/movie/presentation/bloc/movie_top_rated/movie_top_rated_event.dart
DA:4,3
DA:6,1
DA:7,1
LF:3
LH:3
end_of_record
SF:./lib/features/movie/presentation/bloc/movie_top_rated/movie_top_rated_state.dart
DA:10,55
DA:16,2
DA:21,2
DA:22,0
DA:23,1
DA:24,1
DA:28,2
DA:29,8
LF:8
LH:7
end_of_record
SF:./lib/features/movie/presentation/bloc/movie_watchlist/movie_watchlist_bloc.dart
DA:11,1
DA:12,1
DA:13,2
DA:16,1
DA:20,3
DA:22,2
DA:24,1
DA:25,1
DA:26,3
DA:28,1
DA:31,1
DA:32,3
LF:12
LH:12
end_of_record
SF:./lib/features/movie/presentation/bloc/movie_watchlist/movie_watchlist_event.dart
DA:4,3
DA:6,1
DA:7,1
LF:3
LH:3
end_of_record
SF:./lib/features/movie/presentation/bloc/movie_watchlist/movie_watchlist_state.dart
DA:10,55
DA:16,2
DA:21,2
DA:22,1
DA:23,2
DA:24,2
DA:28,2
DA:29,8
LF:8
LH:8
end_of_record
SF:./lib/features/movie/presentation/pages/about_page.dart
DA:7,1
DA:9,1
DA:11,1
DA:12,1
DA:13,1
DA:14,1
DA:15,1
DA:16,1
DA:17,1
DA:19,1
DA:20,1
DA:27,1
DA:28,1
DA:40,1
DA:41,1
DA:42,2
LF:16
LH:16
end_of_record
SF:./lib/common/constants.dart
DA:15,10
DA:16,5
DA:17,45
DA:19,3
DA:21,3
DA:25,3
DA:26,1
DA:27,1
DA:28,1
DA:29,1
LF:10
LH:10
end_of_record
SF:./lib/features/movie/presentation/pages/movie_detail_page.dart
DA:16,1
DA:18,1
DA:19,1
DA:23,1
DA:25,1
DA:26,2
DA:28,2
DA:29,4
DA:30,4
DA:34,1
DA:36,1
DA:37,1
DA:38,1
DA:39,2
DA:43,2
DA:45,1
DA:46,3
DA:47,1
DA:50,2
DA:62,1
DA:65,1
DA:67,3
DA:68,1
DA:69,1
DA:70,1
DA:71,3
DA:73,1
DA:76,0
DA:78,1
DA:80,1
DA:81,1
DA:82,1
DA:92,1
DA:93,1
DA:94,1
DA:96,1
DA:98,1
DA:100,1
DA:101,1
DA:102,2
DA:103,1
DA:105,1
DA:106,0
DA:108,0
DA:109,0
DA:110,0
DA:112,0
DA:115,1
DA:117,1
DA:118,1
DA:125,1
DA:126,3
DA:128,1
DA:129,3
DA:131,1
DA:132,1
DA:133,1
DA:134,3
DA:136,1
DA:142,4
DA:146,1
DA:148,1
DA:150,1
DA:151,2
DA:154,1
DA:156,1
DA:158,1
DA:159,1
DA:160,2
DA:165,2
DA:167,0
DA:168,2
DA:171,1
DA:172,2
DA:174,1
DA:176,1
DA:178,1
DA:179,1
DA:180,1
DA:182,1
DA:183,0
DA:184,0
DA:187,0
DA:190,1
DA:195,1
DA:197,2
DA:198,1
DA:203,0
DA:211,1
DA:215,0
DA:218,0
DA:226,1
DA:228,1
DA:243,1
DA:245,1
DA:248,1
DA:250,0
DA:251,0
DA:260,1
DA:262,2
DA:263,3
DA:266,1
DA:270,3
DA:273,1
DA:274,1
DA:275,1
DA:277,1
DA:278,1
DA:280,0
LF:109
LH:93
end_of_record
SF:./lib/features/movie/presentation/pages/movie_home_page.dart
DA:16,1
DA:18,1
DA:19,1
DA:23,1
DA:25,1
DA:26,2
DA:27,1
DA:29,2
DA:30,2
DA:31,2
DA:32,2
DA:37,1
DA:39,1
DA:40,1
DA:41,1
DA:42,1
DA:50,1
DA:53,0
DA:54,0
DA:57,1
DA:60,0
DA:61,0
DA:64,1
DA:67,0
DA:68,0
DA:71,1
DA:74,0
DA:75,0
DA:78,1
DA:79,0
DA:80,0
DA:88,1
DA:90,1
DA:91,1
DA:92,0
DA:93,0
DA:105,0
DA:111,1
DA:113,1
DA:114,1
DA:116,1
DA:117,1
DA:119,1
DA:120,1
DA:122,1
DA:126,1
DA:128,1
DA:130,1
DA:131,1
DA:132,2
DA:136,2
DA:138,2
DA:144,1
DA:146,0
DA:147,0
DA:149,1
DA:150,1
DA:151,2
DA:155,2
DA:156,2
DA:162,1
DA:164,0
DA:165,0
DA:167,1
DA:168,1
DA:169,2
DA:173,2
DA:174,2
DA:187,1
DA:188,1
DA:190,1
DA:191,1
DA:193,1
DA:195,1
DA:212,1
DA:214,1
DA:216,1
DA:218,1
DA:220,1
DA:221,2
DA:222,1
DA:224,1
DA:225,0
DA:226,0
DA:229,0
DA:232,1
DA:234,1
DA:235,2
DA:236,1
DA:239,0
DA:245,2
LF:91
LH:70
end_of_record
SF:./lib/features/movie/presentation/pages/movie_popular_page.dart
DA:10,1
DA:12,1
DA:13,1
DA:17,1
DA:19,1
DA:20,2
DA:21,1
DA:22,4
DA:27,1
DA:29,1
DA:30,1
DA:33,1
DA:35,1
DA:36,1
DA:37,2
DA:41,2
DA:42,1
DA:43,1
DA:44,2
DA:45,1
DA:47,2
DA:49,2
DA:50,1
DA:52,2
DA:55,0
LF:25
LH:24
end_of_record
SF:./lib/features/movie/presentation/widgets/movie_card_list.dart
DA:10,5
DA:12,5
DA:14,5
DA:16,5
DA:17,1
DA:18,1
DA:21,2
DA:24,5
DA:26,5
DA:27,5
DA:28,5
DA:34,5
DA:36,5
DA:37,5
DA:38,10
DA:41,5
DA:44,5
DA:45,10
DA:53,5
DA:58,5
DA:60,5
DA:61,15
DA:63,5
DA:66,0
LF:24
LH:23
end_of_record
SF:./lib/features/movie/presentation/pages/movie_search_page.dart
DA:11,1
DA:13,1
DA:15,1
DA:16,1
DA:19,1
DA:21,1
DA:23,1
DA:24,1
DA:25,1
DA:26,3
DA:36,1
DA:38,1
DA:41,1
DA:42,1
DA:43,2
DA:47,2
DA:48,1
DA:49,1
DA:50,1
DA:52,1
DA:53,1
DA:54,1
DA:56,1
DA:59,2
DA:60,1
DA:61,2
DA:64,1
DA:65,1
LF:28
LH:28
end_of_record
SF:./lib/features/movie/presentation/pages/movie_top_rated_page.dart
DA:10,1
DA:12,1
DA:13,1
DA:17,1
DA:19,1
DA:20,1
DA:21,1
DA:22,1
DA:23,4
DA:29,1
DA:31,1
DA:32,1
DA:35,1
DA:37,1
DA:38,1
DA:39,2
DA:43,2
DA:44,1
DA:45,1
DA:46,2
DA:47,1
DA:49,2
DA:51,2
DA:52,1
DA:54,2
DA:57,0
LF:26
LH:25
end_of_record
SF:./lib/features/movie/presentation/pages/movie_watchlist_page.dart
DA:11,1
DA:13,1
DA:14,1
DA:19,1
DA:21,1
DA:22,2
DA:23,1
DA:24,4
DA:29,1
DA:31,1
DA:32,4
DA:35,0
DA:37,0
DA:40,1
DA:42,1
DA:43,1
DA:46,1
DA:48,1
DA:49,1
DA:50,2
DA:54,2
DA:55,2
DA:56,1
DA:57,1
DA:58,2
DA:59,1
DA:61,2
DA:69,2
DA:70,1
DA:72,2
DA:85,1
DA:87,2
DA:88,1
LF:33
LH:31
end_of_record
SF:./lib/features/tv/presentation/pages/tv_home_page.dart
DA:13,1
DA:15,1
DA:16,1
DA:20,1
DA:22,1
DA:23,2
DA:24,1
DA:25,2
DA:26,2
DA:27,2
DA:28,2
DA:33,1
DA:35,1
DA:36,1
DA:37,1
DA:38,1
DA:46,1
DA:49,0
DA:50,0
DA:53,1
DA:56,0
DA:57,0
DA:60,1
DA:63,0
DA:64,0
DA:67,1
DA:70,0
DA:71,0
DA:74,1
DA:75,0
DA:76,0
DA:84,1
DA:86,1
DA:87,1
DA:88,0
DA:89,0
DA:95,1
DA:97,1
DA:98,1
DA:100,1
DA:101,1
DA:103,1
DA:104,1
DA:106,1
DA:110,1
DA:112,1
DA:114,1
DA:115,1
DA:116,2
DA:120,2
DA:121,2
DA:127,1
DA:129,0
DA:130,0
DA:132,1
DA:133,1
DA:134,2
DA:138,2
DA:139,2
DA:145,1
DA:147,0
DA:148,0
DA:150,1
DA:151,1
DA:152,2
DA:156,2
DA:157,2
DA:170,1
DA:171,1
DA:173,1
DA:174,1
DA:176,1
DA:178,1
DA:195,1
DA:197,1
DA:199,1
DA:201,1
DA:203,1
DA:204,2
DA:205,1
DA:207,1
DA:208,0
DA:209,0
DA:212,0
DA:215,1
DA:217,1
DA:218,2
DA:219,1
DA:222,0
DA:228,2
LF:90
LH:70
end_of_record
SF:./lib/features/tv/presentation/pages/tv_detail_page.dart
DA:16,1
DA:18,1
DA:19,1
DA:23,1
DA:25,1
DA:26,2
DA:28,2
DA:29,4
DA:30,4
DA:34,1
DA:36,1
DA:37,2
DA:38,2
DA:42,2
DA:44,1
DA:45,1
DA:46,3
DA:49,2
DA:61,1
DA:64,1
DA:66,3
DA:67,1
DA:68,1
DA:69,1
DA:70,3
DA:72,1
DA:75,0
DA:77,1
DA:79,1
DA:80,1
DA:81,1
DA:91,1
DA:92,1
DA:93,1
DA:95,1
DA:97,1
DA:99,1
DA:100,1
DA:101,2
DA:102,1
DA:104,1
DA:105,0
DA:107,0
DA:108,0
DA:109,0
DA:111,0
DA:114,1
DA:116,1
DA:117,1
DA:124,1
DA:125,3
DA:127,1
DA:128,3
DA:130,1
DA:131,1
DA:132,1
DA:133,3
DA:135,1
DA:141,4
DA:145,1
DA:147,1
DA:149,1
DA:150,2
DA:153,1
DA:155,1
DA:157,1
DA:158,1
DA:159,2
DA:164,2
DA:166,0
DA:167,2
DA:170,1
DA:171,2
DA:173,1
DA:175,1
DA:177,1
DA:178,1
DA:179,1
DA:181,1
DA:182,0
DA:183,0
DA:186,0
DA:189,1
DA:194,1
DA:196,2
DA:197,1
DA:202,0
DA:210,1
DA:214,0
DA:217,0
DA:225,1
DA:227,1
DA:240,1
DA:242,1
DA:245,1
DA:247,0
DA:248,0
DA:257,1
DA:259,2
DA:260,3
DA:263,1
DA:267,3
DA:270,1
DA:271,1
DA:272,1
DA:274,1
DA:275,1
DA:277,0
LF:108
LH:92
end_of_record
SF:./lib/features/tv/presentation/pages/tv_popular_page.dart
DA:10,1
DA:12,1
DA:13,1
DA:17,1
DA:19,1
DA:20,2
DA:21,1
DA:22,4
DA:27,1
DA:29,1
DA:30,1
DA:33,1
DA:35,1
DA:36,1
DA:37,2
DA:41,2
DA:42,1
DA:43,1
DA:44,2
DA:45,1
DA:47,2
DA:49,2
DA:50,1
DA:52,2
DA:55,0
LF:25
LH:24
end_of_record
SF:./lib/features/tv/presentation/pages/tv_search_page.dart
DA:11,1
DA:13,1
DA:15,1
DA:16,1
DA:19,1
DA:21,1
DA:23,1
DA:24,1
DA:25,1
DA:26,3
DA:36,1
DA:38,1
DA:41,1
DA:42,1
DA:43,2
DA:47,2
DA:48,1
DA:49,1
DA:50,1
DA:52,1
DA:53,1
DA:54,1
DA:56,1
DA:59,2
DA:60,1
DA:61,2
DA:64,1
DA:65,1
LF:28
LH:28
end_of_record
SF:./lib/features/tv/presentation/pages/tv_top_rated_page.dart
DA:10,1
DA:12,1
DA:13,1
DA:17,1
DA:19,1
DA:20,2
DA:21,1
DA:22,4
DA:27,1
DA:29,1
DA:30,1
DA:33,1
DA:35,1
DA:36,1
DA:37,2
DA:41,2
DA:42,1
DA:43,1
DA:44,2
DA:45,1
DA:47,2
DA:49,2
DA:50,1
DA:52,2
DA:55,0
LF:25
LH:24
end_of_record
SF:./lib/features/tv/presentation/pages/tv_watchlist_page.dart
DA:11,1
DA:13,1
DA:14,1
DA:19,1
DA:21,1
DA:22,2
DA:23,1
DA:24,4
DA:29,1
DA:31,1
DA:32,4
DA:35,0
DA:37,0
DA:40,1
DA:42,1
DA:43,1
DA:46,1
DA:48,1
DA:49,1
DA:50,2
DA:54,2
DA:56,2
DA:57,1
DA:58,1
DA:59,2
DA:60,1
DA:62,2
DA:70,2
DA:71,1
DA:73,2
DA:76,0
DA:84,1
DA:86,2
DA:87,1
LF:34
LH:31
end_of_record
SF:./lib/features/tv/domain/usecases/tv_get_detail.dart
DA:9,1
DA:11,1
DA:12,2
LF:3
LH:3
end_of_record
SF:./lib/features/tv/domain/usecases/tv_get_now_playing.dart
DA:9,1
DA:11,1
DA:12,2
LF:3
LH:3
end_of_record
SF:./lib/features/tv/domain/usecases/tv_get_recommendations.dart
DA:9,1
DA:11,1
DA:12,2
LF:3
LH:3
end_of_record
SF:./lib/features/tv/domain/usecases/tv_get_top_rated.dart
DA:9,1
DA:11,1
DA:12,2
LF:3
LH:3
end_of_record
SF:./lib/features/tv/domain/usecases/tv_get_watchlist.dart
DA:9,1
DA:11,1
DA:12,2
LF:3
LH:3
end_of_record
SF:./lib/features/tv/domain/usecases/tv_get_watchlist_status.dart
DA:6,1
DA:8,1
DA:9,2
LF:3
LH:3
end_of_record
SF:./lib/features/tv/domain/usecases/tv_remove_watchlist.dart
DA:9,1
DA:11,1
DA:12,2
LF:3
LH:3
end_of_record
SF:./lib/features/tv/domain/usecases/tv_save_watchlist.dart
DA:9,1
DA:11,1
DA:12,2
LF:3
LH:3
end_of_record
SF:./lib/features/tv/domain/usecases/tv_search.dart
DA:9,1
DA:11,1
DA:12,2
LF:3
LH:3
end_of_record
SF:./lib/features/tv/presentation/bloc/tv_list/tv_list_bloc.dart
DA:11,1
DA:15,1
DA:16,2
DA:17,2
DA:18,2
DA:21,1
DA:25,3
DA:27,2
DA:28,1
DA:29,1
DA:30,3
DA:32,1
DA:35,1
DA:36,3
DA:44,1
DA:48,3
DA:50,2
DA:51,1
DA:52,1
DA:53,3
DA:55,1
DA:58,1
DA:59,3
DA:67,1
DA:71,3
DA:73,2
DA:74,1
DA:75,1
DA:76,3
DA:78,1
DA:81,1
DA:82,3
LF:32
LH:32
end_of_record
SF:./lib/features/tv/presentation/bloc/tv_list/tv_list_event.dart
DA:4,3
DA:6,1
DA:7,1
LF:3
LH:3
end_of_record
SF:./lib/features/tv/presentation/bloc/tv_list/tv_list_state.dart
DA:14,84
DA:24,2
DA:33,2
DA:34,1
DA:35,2
DA:36,2
DA:37,2
DA:38,2
DA:39,2
DA:40,1
DA:44,2
DA:45,2
DA:46,2
DA:47,2
DA:48,2
DA:49,2
DA:50,2
DA:51,2
DA:52,2
LF:19
LH:19
end_of_record
SF:./lib/features/tv/presentation/bloc/tv_detail/tv_detail_bloc.dart
DA:14,1
DA:20,1
DA:21,2
DA:22,2
DA:23,2
DA:24,2
DA:27,1
DA:31,3
DA:32,3
DA:33,3
DA:35,1
DA:36,1
DA:37,3
DA:39,1
DA:42,1
DA:43,3
DA:48,1
DA:49,0
DA:50,0
DA:52,0
DA:55,1
DA:56,3
DA:66,1
DA:70,3
DA:72,1
DA:73,0
DA:74,0
DA:76,1
DA:77,3
DA:81,4
DA:84,1
DA:88,3
DA:90,1
DA:91,0
DA:92,0
DA:94,1
DA:95,3
DA:99,4
DA:102,1
DA:106,3
DA:107,3
LF:41
LH:34
end_of_record
SF:./lib/features/tv/presentation/bloc/tv_detail/tv_detail_event.dart
DA:5,4
DA:7,0
DA:8,0
DA:14,3
DA:16,1
DA:17,2
DA:23,2
DA:25,1
DA:26,2
DA:32,2
DA:34,1
DA:35,2
DA:41,4
DA:43,1
DA:44,2
LF:15
LH:13
end_of_record
SF:./lib/features/tv/presentation/bloc/tv_detail/tv_detail_state.dart
DA:15,85
DA:25,2
DA:34,2
DA:35,1
DA:36,2
DA:37,2
DA:38,2
DA:39,2
DA:40,2
DA:41,2
DA:45,2
DA:46,2
DA:47,2
DA:48,2
DA:49,2
DA:50,2
DA:51,2
DA:52,2
DA:53,2
LF:19
LH:19
end_of_record
SF:./lib/features/tv/presentation/bloc/tv_search/tv_search_bloc.dart
DA:9,2
DA:10,2
DA:13,1
DA:17,3
DA:19,3
DA:20,1
DA:21,1
DA:22,3
DA:24,1
DA:27,1
DA:28,3
LF:11
LH:11
end_of_record
SF:./lib/features/tv/presentation/bloc/tv_search/tv_search_event.dart
DA:4,4
DA:6,0
DA:7,0
DA:13,4
DA:15,2
DA:16,4
LF:6
LH:4
end_of_record
SF:./lib/features/tv/presentation/bloc/tv_search/tv_search_state.dart
DA:10,84
DA:16,2
DA:21,2
DA:22,0
DA:23,2
DA:24,1
DA:28,2
DA:29,8
LF:8
LH:7
end_of_record
SF:./lib/features/tv/presentation/bloc/tv_popular/tv_popular_event.dart
DA:4,4
DA:6,2
DA:7,2
LF:3
LH:3
end_of_record
SF:./lib/features/tv/presentation/bloc/tv_top_rated/tv_top_rated_bloc.dart
DA:9,1
DA:10,1
DA:11,2
DA:14,1
DA:18,3
DA:20,2
DA:22,1
DA:23,1
DA:24,3
DA:26,1
DA:29,1
DA:30,3
LF:12
LH:12
end_of_record
SF:./lib/features/tv/presentation/bloc/tv_top_rated/tv_top_rated_event.dart
DA:4,4
DA:6,2
DA:7,2
LF:3
LH:3
end_of_record
SF:./lib/features/tv/presentation/bloc/tv_top_rated/tv_top_rated_state.dart
DA:10,85
DA:16,2
DA:21,2
DA:22,0
DA:23,1
DA:24,1
DA:28,2
DA:29,8
LF:8
LH:7
end_of_record
SF:./lib/features/tv/presentation/bloc/tv_watchlist/tv_watchlist_bloc.dart
DA:9,1
DA:10,1
DA:11,2
DA:14,1
DA:18,3
DA:20,2
DA:22,1
DA:23,1
DA:24,3
DA:26,1
DA:29,1
DA:30,3
LF:12
LH:12
end_of_record
SF:./lib/features/tv/presentation/bloc/tv_watchlist/tv_watchlist_event.dart
DA:4,3
DA:6,1
DA:7,1
LF:3
LH:3
end_of_record
SF:./lib/features/tv/presentation/bloc/tv_watchlist/tv_watchlist_state.dart
DA:10,85
DA:16,2
DA:21,2
DA:22,1
DA:23,2
DA:24,2
DA:28,2
DA:29,8
LF:8
LH:8
end_of_record
SF:./lib/features/movie/data/models/movie_table.dart
DA:11,9
DA:18,2
DA:19,1
DA:20,1
DA:21,1
DA:22,1
DA:25,2
DA:26,1
DA:27,1
DA:28,1
DA:29,1
DA:32,2
DA:33,1
DA:34,1
DA:35,1
DA:36,1
DA:39,2
DA:40,1
DA:41,1
DA:42,1
DA:43,1
DA:46,2
DA:47,10
LF:23
LH:23
end_of_record
SF:./lib/features/movie/data/datasources/db/database_helper.dart
DA:8,1
DA:12,2
DA:16,1
DA:17,1
DA:23,1
DA:24,1
DA:25,1
DA:27,2
DA:31,0
DA:32,0
DA:42,1
DA:43,1
DA:44,2
DA:47,1
DA:48,1
DA:49,1
DA:52,2
DA:56,1
DA:57,1
DA:58,1
DA:61,1
DA:64,1
DA:65,1
DA:71,1
DA:72,1
DA:73,1
LF:26
LH:24
end_of_record
SF:./lib/features/movie/data/datasources/movie_local_data_source.dart
DA:15,1
DA:17,1
DA:20,2
DA:23,2
DA:27,1
DA:30,2
DA:33,2
DA:37,1
DA:39,2
DA:41,1
DA:47,1
DA:49,2
DA:50,4
LF:13
LH:13
end_of_record
SF:./lib/features/movie/data/datasources/movie_remote_data_source.dart
DA:23,0
DA:24,0
DA:25,0
DA:26,0
DA:27,0
DA:31,0
DA:33,0
DA:34,0
DA:35,0
DA:36,0
DA:40,0
DA:41,0
DA:42,0
DA:44,0
DA:48,0
DA:50,0
DA:52,0
DA:53,0
DA:55,0
DA:59,0
DA:61,0
DA:62,0
DA:64,0
DA:65,0
DA:67,0
DA:71,0
DA:74,0
DA:76,0
DA:77,0
DA:79,0
DA:83,0
DA:86,0
DA:88,0
DA:89,0
DA:91,0
DA:95,0
DA:97,0
DA:98,0
DA:100,0
DA:101,0
DA:103,0
LF:41
LH:0
end_of_record
SF:./lib/features/movie/data/models/movie_detail_model.dart
DA:6,3
DA:52,1
DA:53,1
DA:54,1
DA:55,1
DA:56,1
DA:57,1
DA:58,4
DA:59,1
DA:60,1
DA:61,1
DA:62,1
DA:63,1
DA:64,1
DA:65,2
DA:66,1
DA:67,1
DA:68,1
DA:69,1
DA:70,1
DA:71,1
DA:72,1
DA:73,1
DA:74,2
DA:75,1
DA:78,2
DA:79,1
DA:80,1
DA:81,1
DA:82,5
DA:83,1
DA:84,1
DA:85,1
DA:86,1
DA:87,1
DA:88,1
DA:89,1
DA:90,1
DA:91,1
DA:92,1
DA:93,1
DA:94,1
DA:95,1
DA:96,1
DA:97,1
DA:98,1
DA:99,1
DA:102,2
DA:103,2
DA:104,2
DA:105,2
DA:106,10
DA:107,2
DA:108,2
DA:109,2
DA:110,2
DA:111,2
DA:112,2
DA:113,2
DA:114,2
DA:115,2
DA:119,1
DA:120,1
DA:121,1
DA:122,1
DA:123,1
DA:124,1
DA:125,1
DA:126,1
DA:127,1
DA:128,1
DA:129,1
DA:130,1
DA:131,1
DA:132,1
DA:133,1
DA:134,1
DA:135,1
DA:136,1
DA:137,1
DA:138,1
DA:139,1
DA:140,1
DA:141,1
LF:84
LH:84
end_of_record
SF:./lib/features/movie/data/models/movie_model.dart
DA:5,4
DA:35,2
DA:36,1
DA:37,1
DA:38,4
DA:39,1
DA:40,1
DA:41,1
DA:42,2
DA:43,1
DA:44,1
DA:45,1
DA:46,1
DA:47,2
DA:48,1
DA:51,2
DA:52,1
DA:53,1
DA:54,4
DA:55,1
DA:56,1
DA:57,1
DA:58,1
DA:59,1
DA:60,1
DA:61,1
DA:62,1
DA:63,1
DA:64,1
DA:67,2
DA:68,2
DA:69,2
DA:70,2
DA:71,2
DA:72,2
DA:73,2
DA:74,2
DA:75,2
DA:76,2
DA:77,2
DA:78,2
DA:79,2
DA:80,2
DA:81,2
DA:85,1
DA:86,1
DA:87,1
DA:88,1
DA:89,1
DA:90,1
DA:91,1
DA:92,1
DA:93,1
DA:94,1
DA:95,1
DA:96,1
DA:97,1
DA:98,1
DA:99,1
LF:59
LH:59
end_of_record
SF:./lib/features/movie/data/models/genre_model.dart
DA:5,5
DA:13,4
DA:14,2
DA:15,2
DA:18,4
DA:19,2
DA:20,2
DA:23,3
DA:24,9
DA:27,2
DA:28,6
LF:11
LH:11
end_of_record
SF:./lib/features/movie/data/repositories/movie_repository_impl.dart
DA:17,1
DA:22,1
DA:25,2
DA:26,5
DA:27,1
DA:29,1
DA:34,1
DA:37,2
DA:38,2
DA:39,1
DA:41,1
DA:46,1
DA:49,2
DA:50,3
DA:51,1
DA:53,1
DA:58,1
DA:61,2
DA:62,5
DA:63,1
DA:65,1
DA:70,1
DA:73,2
DA:74,5
DA:75,1
DA:77,1
DA:82,1
DA:85,2
DA:86,5
DA:87,1
DA:89,1
DA:94,1
DA:98,3
DA:99,1
DA:100,1
DA:101,3
DA:107,1
DA:111,3
DA:112,1
DA:113,1
DA:114,3
DA:118,1
DA:120,2
DA:124,1
DA:126,2
DA:127,5
LF:46
LH:46
end_of_record
SF:./lib/features/movie/data/models/movie_response.dart
DA:7,2
DA:9,2
DA:10,2
DA:11,3
DA:12,3
DA:15,2
DA:16,5
DA:19,1
DA:20,2
LF:9
LH:9
end_of_record
